-------------------------------------------------------------------------------
Test set: runner.TestRunner
-------------------------------------------------------------------------------
Tests run: 1, Failures: 0, Errors: 1, Skipped: 0, Time elapsed: 69.47 s <<< FAILURE! -- in runner.TestRunner
runner.TestRunner.Add apple cover materials to cart -- Time elapsed: 69.40 s <<< ERROR!
com.microsoft.playwright.TimeoutError: 
Error {
  message='Timeout 30000ms exceeded.
  name='TimeoutError
  stack='TimeoutError: Timeout 30000ms exceeded.
    at ProgressController.run (C:\Users\Ishwa\AppData\Local\Temp\playwright-java-9880716294610857338\package\lib\server\progress.js:78:26)
    at Frame.click (C:\Users\Ishwa\AppData\Local\Temp\playwright-java-9880716294610857338\package\lib\server\frames.js:1001:23)
    at FrameDispatcher.click (C:\Users\Ishwa\AppData\Local\Temp\playwright-java-9880716294610857338\package\lib\server\dispatchers\frameDispatcher.js:158:30)
    at FrameDispatcher._handleCommand (C:\Users\Ishwa\AppData\Local\Temp\playwright-java-9880716294610857338\package\lib\server\dispatchers\dispatcher.js:94:40)
    at DispatcherConnection.dispatch (C:\Users\Ishwa\AppData\Local\Temp\playwright-java-9880716294610857338\package\lib\server\dispatchers\dispatcher.js:361:39)
}
Call log:
- waiting for locator(".card__heading a").first()
-   locator resolved to <a class="full-unstyled-link" id="StandardCardNoMed…>↵                Blue Marble iPhone 16 Pro Pop Ca…</a>
- attempting click action
-   waiting for element to be visible, enabled and stable
-   element is not visible
- retrying click action, attempt #1
-   waiting for element to be visible, enabled and stable
-   element is not visible
- retrying click action, attempt #2
-   waiting 20ms
-   waiting for element to be visible, enabled and stable
-   element is not visible
- retrying click action, attempt #3
-   waiting 100ms
-   waiting for element to be visible, enabled and stable
-   element is not visible
- retrying click action, attempt #4
-   waiting 100ms
-   waiting for element to be visible, enabled and stable
-   element is not visible
- retrying click action, attempt #5
-   waiting 500ms
-   waiting for element to be visible, enabled and stable
-   element is not visible
- retrying click action, attempt #6
-   waiting 500ms
-   waiting for element to be visible, enabled and stable
-   element is not visible
- retrying click action, attempt #7
-   waiting 500ms
-   waiting for element to be visible, enabled and stable
-   element is not visible
- retrying click action, attempt #8
-   waiting 500ms
-   waiting for element to be visible, enabled and stable
-   element is not visible
- retrying click action, attempt #9
-   waiting 500ms
-   waiting for element to be visible, enabled and stable
-   element is not visible
- retrying click action, attempt #10
-   waiting 500ms
-   waiting for element to be visible, enabled and stable
-   element is not visible
- retrying click action, attempt #11
-   waiting 500ms
-   waiting for element to be visible, enabled and stable
-   element is not visible
- retrying click action, attempt #12
-   waiting 500ms
-   waiting for element to be visible, enabled and stable
-   element is not visible
- retrying click action, attempt #13
-   waiting 500ms
-   waiting for element to be visible, enabled and stable
-   element is not visible
- retrying click action, attempt #14
-   waiting 500ms
-   waiting for element to be visible, enabled and stable
-   element is not visible
- retrying click action, attempt #15
-   waiting 500ms
-   waiting for element to be visible, enabled and stable
-   element is not visible
- retrying click action, attempt #16
-   waiting 500ms
-   waiting for element to be visible, enabled and stable
-   element is not visible
- retrying click action, attempt #17
-   waiting 500ms
-   waiting for element to be visible, enabled and stable
-   element is not visible
- retrying click action, attempt #18
-   waiting 500ms
-   waiting for element to be visible, enabled and stable
-   element is not visible
- retrying click action, attempt #19
-   waiting 500ms
-   waiting for element to be visible, enabled and stable
-   element is not visible
- retrying click action, attempt #20
-   waiting 500ms
-   waiting for element to be visible, enabled and stable
-   element is not visible
- retrying click action, attempt #21
-   waiting 500ms
-   waiting for element to be visible, enabled and stable
-   element is not visible
- retrying click action, attempt #22
-   waiting 500ms
-   waiting for element to be visible, enabled and stable
-   element is not visible
- retrying click action, attempt #23
-   waiting 500ms
-   waiting for element to be visible, enabled and stable
-   element is not visible
- retrying click action, attempt #24
-   waiting 500ms
-   waiting for element to be visible, enabled and stable
-   element is not visible
- retrying click action, attempt #25
-   waiting 500ms
-   waiting for element to be visible, enabled and stable
-   element is not visible
- retrying click action, attempt #26
-   waiting 500ms
-   waiting for element to be visible, enabled and stable
-   element is not visible
- retrying click action, attempt #27
-   waiting 500ms
-   waiting for element to be visible, enabled and stable
-   element is not visible
- retrying click action, attempt #28
-   waiting 500ms
-   waiting for element to be visible, enabled and stable
-   element is not visible
- retrying click action, attempt #29
-   waiting 500ms
-   waiting for element to be visible, enabled and stable
-   element is not visible
- retrying click action, attempt #30
-   waiting 500ms
-   waiting for element to be visible, enabled and stable
-   element is not visible
- retrying click action, attempt #31
-   waiting 500ms
-   waiting for element to be visible, enabled and stable
-   element is not visible
- retrying click action, attempt #32
-   waiting 500ms
-   waiting for element to be visible, enabled and stable
-   element is not visible
- retrying click action, attempt #33
-   waiting 500ms
-   waiting for element to be visible, enabled and stable
-   element is not visible
- retrying click action, attempt #34
-   waiting 500ms
-   waiting for element to be visible, enabled and stable
-   element is not visible
- retrying click action, attempt #35
-   waiting 500ms
-   waiting for element to be visible, enabled and stable
-   element is not visible
- retrying click action, attempt #36
-   waiting 500ms
-   waiting for element to be visible, enabled and stable
-   element is not visible
- retrying click action, attempt #37
-   waiting 500ms
-   waiting for element to be visible, enabled and stable
-   element is not visible
- retrying click action, attempt #38
-   waiting 500ms
-   waiting for element to be visible, enabled and stable
-   element is not visible
- retrying click action, attempt #39
-   waiting 500ms
-   waiting for element to be visible, enabled and stable
-   element is not visible
- retrying click action, attempt #40
-   waiting 500ms
-   waiting for element to be visible, enabled and stable
-   element is not visible
- retrying click action, attempt #41
-   waiting 500ms
-   waiting for element to be visible, enabled and stable
-   element is not visible
- retrying click action, attempt #42
-   waiting 500ms
-   waiting for element to be visible, enabled and stable
-   element is not visible
- retrying click action, attempt #43
-   waiting 500ms
-   waiting for element to be visible, enabled and stable
-   element is not visible
- retrying click action, attempt #44
-   waiting 500ms
-   waiting for element to be visible, enabled and stable
-   element is not visible
- retrying click action, attempt #45
-   waiting 500ms
-   waiting for element to be visible, enabled and stable
-   element is not visible
- retrying click action, attempt #46
-   waiting 500ms
-   waiting for element to be visible, enabled and stable
-   element is not visible
- retrying click action, attempt #47
-   waiting 500ms
-   waiting for element to be visible, enabled and stable
-   element is not visible
- retrying click action, attempt #48
-   waiting 500ms
-   waiting for element to be visible, enabled and stable
-   element is not visible
- retrying click action, attempt #49
-   waiting 500ms
-   waiting for element to be visible, enabled and stable
-   element is not visible
- retrying click action, attempt #50
-   waiting 500ms
-   waiting for element to be visible, enabled and stable
-   element is not visible
- retrying click action, attempt #51
-   waiting 500ms
-   waiting for element to be visible, enabled and stable
-   element is not visible
- retrying click action, attempt #52
-   waiting 500ms
-   waiting for element to be visible, enabled and stable
-   element is not visible
- retrying click action, attempt #53
-   waiting 500ms
-   waiting for element to be visible, enabled and stable
-   element is not visible
- retrying click action, attempt #54
-   waiting 500ms
-   waiting for element to be visible, enabled and stable
-   element is not visible
- retrying click action, attempt #55
-   waiting 500ms
-   waiting for element to be visible, enabled and stable
-   element is not visible
- retrying click action, attempt #56
-   waiting 500ms
-   waiting for element to be visible, enabled and stable
-   element is not visible
- retrying click action, attempt #57
-   waiting 500ms
-   waiting for element to be visible, enabled and stable
-   element is not visible
- retrying click action, attempt #58
-   waiting 500ms
-   waiting for element to be visible, enabled and stable
-   element is not visible
- retrying click action, attempt #59
-   waiting 500ms

	at com.microsoft.playwright.impl.WaitableResult.get(WaitableResult.java:52)
	at com.microsoft.playwright.impl.ChannelOwner.runUntil(ChannelOwner.java:120)
	at com.microsoft.playwright.impl.Connection.sendMessage(Connection.java:130)
	at com.microsoft.playwright.impl.ChannelOwner.sendMessage(ChannelOwner.java:106)
	at com.microsoft.playwright.impl.FrameImpl.clickImpl(FrameImpl.java:252)
	at com.microsoft.playwright.impl.FrameImpl.lambda$click$8(FrameImpl.java:243)
	at com.microsoft.playwright.impl.LoggingSupport.lambda$withLogging$0(LoggingSupport.java:36)
	at com.microsoft.playwright.impl.LoggingSupport.withLogging(LoggingSupport.java:47)
	at com.microsoft.playwright.impl.ChannelOwner.withLogging(ChannelOwner.java:89)
	at com.microsoft.playwright.impl.LoggingSupport.withLogging(LoggingSupport.java:35)
	at com.microsoft.playwright.impl.FrameImpl.click(FrameImpl.java:243)
	at com.microsoft.playwright.impl.LocatorImpl.click(LocatorImpl.java:160)
	at com.microsoft.playwright.Locator.click(Locator.java:2460)
	at pages.CasekaroPage.selectFirstProduct(CasekaroPage.java:70)
	at stepdefinitions.CasekaroSteps.selectProduct(CasekaroSteps.java:37)
	at ✽.user selects first product(file:///C:/Users/Ishwa/Desktop/casekaro/src/test/resources/features/casekaro.feature:9)
Caused by: com.microsoft.playwright.TimeoutError: Error {
  message='Timeout 30000ms exceeded.
  name='TimeoutError
  stack='TimeoutError: Timeout 30000ms exceeded.
    at ProgressController.run (C:\Users\Ishwa\AppData\Local\Temp\playwright-java-9880716294610857338\package\lib\server\progress.js:78:26)
    at Frame.click (C:\Users\Ishwa\AppData\Local\Temp\playwright-java-9880716294610857338\package\lib\server\frames.js:1001:23)
    at FrameDispatcher.click (C:\Users\Ishwa\AppData\Local\Temp\playwright-java-9880716294610857338\package\lib\server\dispatchers\frameDispatcher.js:158:30)
    at FrameDispatcher._handleCommand (C:\Users\Ishwa\AppData\Local\Temp\playwright-java-9880716294610857338\package\lib\server\dispatchers\dispatcher.js:94:40)
    at DispatcherConnection.dispatch (C:\Users\Ishwa\AppData\Local\Temp\playwright-java-9880716294610857338\package\lib\server\dispatchers\dispatcher.js:361:39)
}
Call log:
- waiting for locator(".card__heading a").first()
-   locator resolved to <a class="full-unstyled-link" id="StandardCardNoMed…>↵                Blue Marble iPhone 16 Pro Pop Ca…</a>
- attempting click action
-   waiting for element to be visible, enabled and stable
-   element is not visible
- retrying click action, attempt #1
-   waiting for element to be visible, enabled and stable
-   element is not visible
- retrying click action, attempt #2
-   waiting 20ms
-   waiting for element to be visible, enabled and stable
-   element is not visible
- retrying click action, attempt #3
-   waiting 100ms
-   waiting for element to be visible, enabled and stable
-   element is not visible
- retrying click action, attempt #4
-   waiting 100ms
-   waiting for element to be visible, enabled and stable
-   element is not visible
- retrying click action, attempt #5
-   waiting 500ms
-   waiting for element to be visible, enabled and stable
-   element is not visible
- retrying click action, attempt #6
-   waiting 500ms
-   waiting for element to be visible, enabled and stable
-   element is not visible
- retrying click action, attempt #7
-   waiting 500ms
-   waiting for element to be visible, enabled and stable
-   element is not visible
- retrying click action, attempt #8
-   waiting 500ms
-   waiting for element to be visible, enabled and stable
-   element is not visible
- retrying click action, attempt #9
-   waiting 500ms
-   waiting for element to be visible, enabled and stable
-   element is not visible
- retrying click action, attempt #10
-   waiting 500ms
-   waiting for element to be visible, enabled and stable
-   element is not visible
- retrying click action, attempt #11
-   waiting 500ms
-   waiting for element to be visible, enabled and stable
-   element is not visible
- retrying click action, attempt #12
-   waiting 500ms
-   waiting for element to be visible, enabled and stable
-   element is not visible
- retrying click action, attempt #13
-   waiting 500ms
-   waiting for element to be visible, enabled and stable
-   element is not visible
- retrying click action, attempt #14
-   waiting 500ms
-   waiting for element to be visible, enabled and stable
-   element is not visible
- retrying click action, attempt #15
-   waiting 500ms
-   waiting for element to be visible, enabled and stable
-   element is not visible
- retrying click action, attempt #16
-   waiting 500ms
-   waiting for element to be visible, enabled and stable
-   element is not visible
- retrying click action, attempt #17
-   waiting 500ms
-   waiting for element to be visible, enabled and stable
-   element is not visible
- retrying click action, attempt #18
-   waiting 500ms
-   waiting for element to be visible, enabled and stable
-   element is not visible
- retrying click action, attempt #19
-   waiting 500ms
-   waiting for element to be visible, enabled and stable
-   element is not visible
- retrying click action, attempt #20
-   waiting 500ms
-   waiting for element to be visible, enabled and stable
-   element is not visible
- retrying click action, attempt #21
-   waiting 500ms
-   waiting for element to be visible, enabled and stable
-   element is not visible
- retrying click action, attempt #22
-   waiting 500ms
-   waiting for element to be visible, enabled and stable
-   element is not visible
- retrying click action, attempt #23
-   waiting 500ms
-   waiting for element to be visible, enabled and stable
-   element is not visible
- retrying click action, attempt #24
-   waiting 500ms
-   waiting for element to be visible, enabled and stable
-   element is not visible
- retrying click action, attempt #25
-   waiting 500ms
-   waiting for element to be visible, enabled and stable
-   element is not visible
- retrying click action, attempt #26
-   waiting 500ms
-   waiting for element to be visible, enabled and stable
-   element is not visible
- retrying click action, attempt #27
-   waiting 500ms
-   waiting for element to be visible, enabled and stable
-   element is not visible
- retrying click action, attempt #28
-   waiting 500ms
-   waiting for element to be visible, enabled and stable
-   element is not visible
- retrying click action, attempt #29
-   waiting 500ms
-   waiting for element to be visible, enabled and stable
-   element is not visible
- retrying click action, attempt #30
-   waiting 500ms
-   waiting for element to be visible, enabled and stable
-   element is not visible
- retrying click action, attempt #31
-   waiting 500ms
-   waiting for element to be visible, enabled and stable
-   element is not visible
- retrying click action, attempt #32
-   waiting 500ms
-   waiting for element to be visible, enabled and stable
-   element is not visible
- retrying click action, attempt #33
-   waiting 500ms
-   waiting for element to be visible, enabled and stable
-   element is not visible
- retrying click action, attempt #34
-   waiting 500ms
-   waiting for element to be visible, enabled and stable
-   element is not visible
- retrying click action, attempt #35
-   waiting 500ms
-   waiting for element to be visible, enabled and stable
-   element is not visible
- retrying click action, attempt #36
-   waiting 500ms
-   waiting for element to be visible, enabled and stable
-   element is not visible
- retrying click action, attempt #37
-   waiting 500ms
-   waiting for element to be visible, enabled and stable
-   element is not visible
- retrying click action, attempt #38
-   waiting 500ms
-   waiting for element to be visible, enabled and stable
-   element is not visible
- retrying click action, attempt #39
-   waiting 500ms
-   waiting for element to be visible, enabled and stable
-   element is not visible
- retrying click action, attempt #40
-   waiting 500ms
-   waiting for element to be visible, enabled and stable
-   element is not visible
- retrying click action, attempt #41
-   waiting 500ms
-   waiting for element to be visible, enabled and stable
-   element is not visible
- retrying click action, attempt #42
-   waiting 500ms
-   waiting for element to be visible, enabled and stable
-   element is not visible
- retrying click action, attempt #43
-   waiting 500ms
-   waiting for element to be visible, enabled and stable
-   element is not visible
- retrying click action, attempt #44
-   waiting 500ms
-   waiting for element to be visible, enabled and stable
-   element is not visible
- retrying click action, attempt #45
-   waiting 500ms
-   waiting for element to be visible, enabled and stable
-   element is not visible
- retrying click action, attempt #46
-   waiting 500ms
-   waiting for element to be visible, enabled and stable
-   element is not visible
- retrying click action, attempt #47
-   waiting 500ms
-   waiting for element to be visible, enabled and stable
-   element is not visible
- retrying click action, attempt #48
-   waiting 500ms
-   waiting for element to be visible, enabled and stable
-   element is not visible
- retrying click action, attempt #49
-   waiting 500ms
-   waiting for element to be visible, enabled and stable
-   element is not visible
- retrying click action, attempt #50
-   waiting 500ms
-   waiting for element to be visible, enabled and stable
-   element is not visible
- retrying click action, attempt #51
-   waiting 500ms
-   waiting for element to be visible, enabled and stable
-   element is not visible
- retrying click action, attempt #52
-   waiting 500ms
-   waiting for element to be visible, enabled and stable
-   element is not visible
- retrying click action, attempt #53
-   waiting 500ms
-   waiting for element to be visible, enabled and stable
-   element is not visible
- retrying click action, attempt #54
-   waiting 500ms
-   waiting for element to be visible, enabled and stable
-   element is not visible
- retrying click action, attempt #55
-   waiting 500ms
-   waiting for element to be visible, enabled and stable
-   element is not visible
- retrying click action, attempt #56
-   waiting 500ms
-   waiting for element to be visible, enabled and stable
-   element is not visible
- retrying click action, attempt #57
-   waiting 500ms
-   waiting for element to be visible, enabled and stable
-   element is not visible
- retrying click action, attempt #58
-   waiting 500ms
-   waiting for element to be visible, enabled and stable
-   element is not visible
- retrying click action, attempt #59
-   waiting 500ms

	at com.microsoft.playwright.impl.Connection.dispatch(Connection.java:254)
	at com.microsoft.playwright.impl.Connection.processOneMessage(Connection.java:211)
	at com.microsoft.playwright.impl.ChannelOwner.runUntil(ChannelOwner.java:118)
	at com.microsoft.playwright.impl.Connection.sendMessage(Connection.java:130)
	at com.microsoft.playwright.impl.ChannelOwner.sendMessage(ChannelOwner.java:106)
	at com.microsoft.playwright.impl.FrameImpl.clickImpl(FrameImpl.java:252)
	at com.microsoft.playwright.impl.FrameImpl.lambda$click$8(FrameImpl.java:243)
	at com.microsoft.playwright.impl.LoggingSupport.lambda$withLogging$0(LoggingSupport.java:36)
	at com.microsoft.playwright.impl.LoggingSupport.withLogging(LoggingSupport.java:47)
	at com.microsoft.playwright.impl.ChannelOwner.withLogging(ChannelOwner.java:89)
	at com.microsoft.playwright.impl.LoggingSupport.withLogging(LoggingSupport.java:35)
	at com.microsoft.playwright.impl.FrameImpl.click(FrameImpl.java:243)
	at com.microsoft.playwright.impl.LocatorImpl.click(LocatorImpl.java:160)
	at com.microsoft.playwright.Locator.click(Locator.java:2460)
	at pages.CasekaroPage.selectFirstProduct(CasekaroPage.java:70)
	at stepdefinitions.CasekaroSteps.selectProduct(CasekaroSteps.java:37)
	at java.base/java.lang.reflect.Method.invoke(Method.java:568)
	at io.cucumber.java.Invoker.doInvoke(Invoker.java:66)
	at io.cucumber.java.Invoker.invoke(Invoker.java:24)
	at io.cucumber.java.AbstractGlueDefinition.invokeMethod(AbstractGlueDefinition.java:47)
	at io.cucumber.java.JavaStepDefinition.execute(JavaStepDefinition.java:29)
	at io.cucumber.core.runner.CoreStepDefinition.execute(CoreStepDefinition.java:66)
	at io.cucumber.core.runner.PickleStepDefinitionMatch.runStep(PickleStepDefinitionMatch.java:63)
	at io.cucumber.core.runner.ExecutionMode$1.execute(ExecutionMode.java:10)
	at io.cucumber.core.runner.TestStep.executeStep(TestStep.java:84)
	at io.cucumber.core.runner.TestStep.run(TestStep.java:56)
	at io.cucumber.core.runner.PickleStepTestStep.run(PickleStepTestStep.java:51)
	at io.cucumber.core.runner.TestCase.run(TestCase.java:84)
	at io.cucumber.core.runner.Runner.runPickle(Runner.java:75)
	at io.cucumber.junit.platform.engine.CucumberEngineExecutionContext.lambda$runTestCase$4(CucumberEngineExecutionContext.java:112)
	at io.cucumber.core.runtime.CucumberExecutionContext.lambda$runTestCase$5(CucumberExecutionContext.java:137)
	at io.cucumber.core.runtime.RethrowingThrowableCollector.executeAndThrow(RethrowingThrowableCollector.java:23)
	at io.cucumber.core.runtime.CucumberExecutionContext.runTestCase(CucumberExecutionContext.java:137)
	at io.cucumber.junit.platform.engine.CucumberEngineExecutionContext.runTestCase(CucumberEngineExecutionContext.java:109)
	at io.cucumber.junit.platform.engine.NodeDescriptor$PickleDescriptor.execute(NodeDescriptor.java:168)
	at io.cucumber.junit.platform.engine.NodeDescriptor$PickleDescriptor.execute(NodeDescriptor.java:90)
	at java.base/java.util.ArrayList.forEach(ArrayList.java:1511)
	at java.base/java.util.ArrayList.forEach(ArrayList.java:1511)

